0:0:0:0:0:0:0:1 - - [08/Feb/2021:12:19:36 +0900] "GET /login-error HTTP/1.1" 200 456
0:0:0:0:0:0:0:1 - - [08/Feb/2021:12:20:05 +0900] "POST /login HTTP/1.1" 302 -
0:0:0:0:0:0:0:1 - - [08/Feb/2021:12:20:05 +0900] "GET /login-error HTTP/1.1" 200 456
0:0:0:0:0:0:0:1 - - [08/Feb/2021:12:24:33 +0900] "POST /login HTTP/1.1" 302 -
0:0:0:0:0:0:0:1 - - [08/Feb/2021:12:24:33 +0900] "GET /login-error HTTP/1.1" 200 456
0:0:0:0:0:0:0:1 - - [08/Feb/2021:12:25:34 +0900] "POST /login HTTP/1.1" 302 -
0:0:0:0:0:0:0:1 - - [08/Feb/2021:12:25:34 +0900] "GET /login-error HTTP/1.1" 200 598
0:0:0:0:0:0:0:1 - - [08/Feb/2021:12:25:41 +0900] "POST /login HTTP/1.1" 302 -
0:0:0:0:0:0:0:1 - - [08/Feb/2021:12:25:41 +0900] "GET /login-error HTTP/1.1" 200 598
0:0:0:0:0:0:0:1 - - [08/Feb/2021:12:33:43 +0900] "GET /login-error HTTP/1.1" 200 458
0:0:0:0:0:0:0:1 - - [08/Feb/2021:12:33:49 +0900] "POST /login HTTP/1.1" 302 -
0:0:0:0:0:0:0:1 - - [08/Feb/2021:12:33:49 +0900] "GET / HTTP/1.1" 404 306
0:0:0:0:0:0:0:1 - - [08/Feb/2021:12:35:53 +0900] "GET / HTTP/1.1" 404 306
0:0:0:0:0:0:0:1 - - [08/Feb/2021:12:35:53 +0900] "GET / HTTP/1.1" 404 306
0:0:0:0:0:0:0:1 - - [08/Feb/2021:12:35:54 +0900] "GET / HTTP/1.1" 404 306
0:0:0:0:0:0:0:1 - - [08/Feb/2021:12:35:54 +0900] "GET / HTTP/1.1" 404 306
0:0:0:0:0:0:0:1 - - [08/Feb/2021:12:35:55 +0900] "GET / HTTP/1.1" 404 306
0:0:0:0:0:0:0:1 - - [08/Feb/2021:12:35:55 +0900] "GET / HTTP/1.1" 404 306
0:0:0:0:0:0:0:1 - - [08/Feb/2021:12:35:55 +0900] "GET / HTTP/1.1" 404 306
0:0:0:0:0:0:0:1 - - [08/Feb/2021:12:35:56 +0900] "GET / HTTP/1.1" 404 306
0:0:0:0:0:0:0:1 - - [08/Feb/2021:12:36:05 +0900] "GET / HTTP/1.1" 404 306
0:0:0:0:0:0:0:1 - - [08/Feb/2021:12:36:05 +0900] "GET / HTTP/1.1" 404 306
0:0:0:0:0:0:0:1 - - [08/Feb/2021:12:36:06 +0900] "GET / HTTP/1.1" 404 306
0:0:0:0:0:0:0:1 - - [08/Feb/2021:12:36:06 +0900] "GET / HTTP/1.1" 404 306
0:0:0:0:0:0:0:1 - - [08/Feb/2021:12:36:06 +0900] "GET / HTTP/1.1" 404 306
0:0:0:0:0:0:0:1 - - [08/Feb/2021:12:36:06 +0900] "GET / HTTP/1.1" 404 306
0:0:0:0:0:0:0:1 - - [08/Feb/2021:12:36:07 +0900] "GET / HTTP/1.1" 404 306
0:0:0:0:0:0:0:1 - - [08/Feb/2021:12:36:07 +0900] "GET / HTTP/1.1" 404 306
0:0:0:0:0:0:0:1 - - [08/Feb/2021:12:36:07 +0900] "GET / HTTP/1.1" 404 306
0:0:0:0:0:0:0:1 - - [08/Feb/2021:12:36:07 +0900] "GET / HTTP/1.1" 404 306
0:0:0:0:0:0:0:1 - - [08/Feb/2021:12:36:07 +0900] "GET / HTTP/1.1" 404 306
0:0:0:0:0:0:0:1 - - [08/Feb/2021:12:36:25 +0900] "GET / HTTP/1.1" 404 387
0:0:0:0:0:0:0:1 - - [08/Feb/2021:12:36:53 +0900] "GET /user/index HTTP/1.1" 302 -
0:0:0:0:0:0:0:1 - - [08/Feb/2021:12:36:53 +0900] "GET /login HTTP/1.1" 200 458
0:0:0:0:0:0:0:1 - - [08/Feb/2021:12:36:55 +0900] "GET /user/index HTTP/1.1" 302 -
0:0:0:0:0:0:0:1 - - [08/Feb/2021:12:36:55 +0900] "GET /login HTTP/1.1" 200 458
0:0:0:0:0:0:0:1 - - [08/Feb/2021:12:37:02 +0900] "POST /login HTTP/1.1" 302 -
0:0:0:0:0:0:0:1 - - [08/Feb/2021:12:37:02 +0900] "GET /user/index HTTP/1.1" 403 386
0:0:0:0:0:0:0:1 - - [08/Feb/2021:12:37:10 +0900] "GET /user/index HTTP/1.1" 403 386
0:0:0:0:0:0:0:1 - - [08/Feb/2021:12:37:10 +0900] "GET /user/index HTTP/1.1" 403 386
0:0:0:0:0:0:0:1 - - [08/Feb/2021:12:37:11 +0900] "GET /user/index HTTP/1.1" 403 386
0:0:0:0:0:0:0:1 - - [08/Feb/2021:12:38:13 +0900] "GET /user/index HTTP/1.1" 200 191
0:0:0:0:0:0:0:1 - - [08/Feb/2021:12:38:15 +0900] "GET /user/index HTTP/1.1" 403 386
0:0:0:0:0:0:0:1 - - [08/Feb/2021:12:39:26 +0900] "GET /user/index HTTP/1.1" 403 386
0:0:0:0:0:0:0:1 - - [08/Feb/2021:12:39:29 +0900] "GET /user/index HTTP/1.1" 403 386
0:0:0:0:0:0:0:1 - - [08/Feb/2021:12:40:01 +0900] "GET /user/index HTTP/1.1" 403 386
0:0:0:0:0:0:0:1 - - [08/Feb/2021:12:40:02 +0900] "GET /login HTTP/1.1" 200 458
0:0:0:0:0:0:0:1 - - [08/Feb/2021:12:40:03 +0900] "GET /user/index HTTP/1.1" 403 386
0:0:0:0:0:0:0:1 - - [08/Feb/2021:12:40:04 +0900] "GET /user/index HTTP/1.1" 403 386
0:0:0:0:0:0:0:1 - - [08/Feb/2021:12:40:07 +0900] "GET /user/index HTTP/1.1" 403 386
0:0:0:0:0:0:0:1 - - [08/Feb/2021:12:40:08 +0900] "GET /user/index HTTP/1.1" 403 386
0:0:0:0:0:0:0:1 - - [08/Feb/2021:12:40:09 +0900] "GET /login HTTP/1.1" 200 458
0:0:0:0:0:0:0:1 - - [08/Feb/2021:12:40:14 +0900] "POST /login HTTP/1.1" 302 -
0:0:0:0:0:0:0:1 - - [08/Feb/2021:12:40:14 +0900] "GET / HTTP/1.1" 404 387
0:0:0:0:0:0:0:1 - - [08/Feb/2021:12:40:19 +0900] "GET /user/index HTTP/1.1" 403 386
0:0:0:0:0:0:0:1 - - [08/Feb/2021:12:40:27 +0900] "GET /user/index HTTP/1.1" 403 386
0:0:0:0:0:0:0:1 - - [08/Feb/2021:12:40:28 +0900] "GET /user/index HTTP/1.1" 403 386
0:0:0:0:0:0:0:1 - - [08/Feb/2021:12:40:28 +0900] "GET /user/index HTTP/1.1" 403 386
0:0:0:0:0:0:0:1 - - [08/Feb/2021:12:40:29 +0900] "GET /user/index HTTP/1.1" 403 386
0:0:0:0:0:0:0:1 - - [08/Feb/2021:12:40:30 +0900] "GET /user/index HTTP/1.1" 403 386
0:0:0:0:0:0:0:1 - - [08/Feb/2021:12:40:30 +0900] "GET /user/index HTTP/1.1" 403 386
0:0:0:0:0:0:0:1 - - [08/Feb/2021:12:40:30 +0900] "GET /user/index HTTP/1.1" 403 386
0:0:0:0:0:0:0:1 - - [08/Feb/2021:12:40:30 +0900] "GET /user/index HTTP/1.1" 403 386
0:0:0:0:0:0:0:1 - - [08/Feb/2021:12:40:30 +0900] "GET /user/index HTTP/1.1" 403 386
0:0:0:0:0:0:0:1 - - [08/Feb/2021:12:40:31 +0900] "GET /user/index HTTP/1.1" 403 386
0:0:0:0:0:0:0:1 - - [08/Feb/2021:12:40:31 +0900] "GET /user/index HTTP/1.1" 403 386
0:0:0:0:0:0:0:1 - - [08/Feb/2021:12:40:31 +0900] "GET /user/index HTTP/1.1" 403 386
0:0:0:0:0:0:0:1 - - [08/Feb/2021:12:40:32 +0900] "GET /user/index HTTP/1.1" 403 386
127.0.0.1 - - [08/Feb/2021:12:40:32 +0900] "GET /user/index HTTP/1.1" 403 386
0:0:0:0:0:0:0:1 - - [08/Feb/2021:12:40:33 +0900] "GET /user/index HTTP/1.1" 403 386
0:0:0:0:0:0:0:1 - - [08/Feb/2021:12:40:33 +0900] "GET /user/index HTTP/1.1" 403 386
0:0:0:0:0:0:0:1 - - [08/Feb/2021:12:40:33 +0900] "GET /user/index HTTP/1.1" 403 386
0:0:0:0:0:0:0:1 - - [08/Feb/2021:12:40:33 +0900] "GET /user/index HTTP/1.1" 403 386
0:0:0:0:0:0:0:1 - - [08/Feb/2021:12:40:33 +0900] "GET /user/index HTTP/1.1" 403 386
0:0:0:0:0:0:0:1 - - [08/Feb/2021:12:40:33 +0900] "GET /user/index HTTP/1.1" 403 386
127.0.0.1 - - [08/Feb/2021:12:41:14 +0900] "GET /user/index HTTP/1.1" 403 386
127.0.0.1 - - [08/Feb/2021:12:41:14 +0900] "GET /login HTTP/1.1" 200 538
127.0.0.1 - - [08/Feb/2021:12:41:14 +0900] "GET /logout HTTP/1.1" 404 393
0:0:0:0:0:0:0:1 - - [08/Feb/2021:12:41:16 +0900] "GET /logout HTTP/1.1" 404 393
0:0:0:0:0:0:0:1 - - [08/Feb/2021:12:41:16 +0900] "GET /logout HTTP/1.1" 404 393
0:0:0:0:0:0:0:1 - - [08/Feb/2021:12:41:17 +0900] "GET /logout HTTP/1.1" 404 393
0:0:0:0:0:0:0:1 - - [08/Feb/2021:12:41:58 +0900] "GET /logout HTTP/1.1" 404 393
0:0:0:0:0:0:0:1 - - [08/Feb/2021:12:42:00 +0900] "GET / HTTP/1.1" 404 387
0:0:0:0:0:0:0:1 - - [08/Feb/2021:12:42:08 +0900] "GET / HTTP/1.1" 404 387
0:0:0:0:0:0:0:1 - - [08/Feb/2021:12:42:25 +0900] "GET / HTTP/1.1" 404 387
0:0:0:0:0:0:0:1 - - [08/Feb/2021:12:42:28 +0900] "GET / HTTP/1.1" 404 387
0:0:0:0:0:0:0:1 - - [08/Feb/2021:12:42:46 +0900] "GET / HTTP/1.1" 302 -
0:0:0:0:0:0:0:1 - - [08/Feb/2021:12:42:46 +0900] "GET /timeout HTTP/1.1" 404 590
0:0:0:0:0:0:0:1 - - [08/Feb/2021:12:43:31 +0900] "POST /logout HTTP/1.1" 302 -
0:0:0:0:0:0:0:1 - - [08/Feb/2021:12:43:31 +0900] "GET /login HTTP/1.1" 302 -
0:0:0:0:0:0:0:1 - - [08/Feb/2021:12:43:31 +0900] "GET /timeout HTTP/1.1" 404 590
0:0:0:0:0:0:0:1 - - [08/Feb/2021:12:43:32 +0900] "POST /logout HTTP/1.1" 302 -
0:0:0:0:0:0:0:1 - - [08/Feb/2021:12:43:32 +0900] "GET /login HTTP/1.1" 302 -
0:0:0:0:0:0:0:1 - - [08/Feb/2021:12:43:32 +0900] "GET /timeout HTTP/1.1" 404 590
0:0:0:0:0:0:0:1 - - [08/Feb/2021:12:43:33 +0900] "POST /logout HTTP/1.1" 302 -
0:0:0:0:0:0:0:1 - - [08/Feb/2021:12:43:33 +0900] "GET /login HTTP/1.1" 302 -
0:0:0:0:0:0:0:1 - - [08/Feb/2021:12:43:33 +0900] "GET /timeout HTTP/1.1" 404 590
0:0:0:0:0:0:0:1 - - [08/Feb/2021:12:43:35 +0900] "GET / HTTP/1.1" 404 583
0:0:0:0:0:0:0:1 - - [08/Feb/2021:12:43:38 +0900] "GET /user/index HTTP/1.1" 302 -
0:0:0:0:0:0:0:1 - - [08/Feb/2021:12:43:38 +0900] "GET /login HTTP/1.1" 200 538
0:0:0:0:0:0:0:1 - - [08/Feb/2021:12:43:39 +0900] "GET /user/index HTTP/1.1" 302 -
0:0:0:0:0:0:0:1 - - [08/Feb/2021:12:43:39 +0900] "GET /login HTTP/1.1" 200 538
0:0:0:0:0:0:0:1 - - [08/Feb/2021:12:43:44 +0900] "POST /login HTTP/1.1" 302 -
0:0:0:0:0:0:0:1 - - [08/Feb/2021:12:43:44 +0900] "GET /user/index HTTP/1.1" 403 582
0:0:0:0:0:0:0:1 - - [08/Feb/2021:12:43:48 +0900] "GET /user/index HTTP/1.1" 403 582
0:0:0:0:0:0:0:1 - - [08/Feb/2021:12:43:49 +0900] "GET /user/index HTTP/1.1" 403 582
0:0:0:0:0:0:0:1 - - [08/Feb/2021:12:45:18 +0900] "GET /user/index HTTP/1.1" 403 502
0:0:0:0:0:0:0:1 - - [08/Feb/2021:12:45:21 +0900] "GET /user/index HTTP/1.1" 403 502
0:0:0:0:0:0:0:1 - - [08/Feb/2021:12:45:52 +0900] "GET /user/index HTTP/1.1" 403 502
0:0:0:0:0:0:0:1 - - [08/Feb/2021:12:45:53 +0900] "GET /user/index HTTP/1.1" 403 502
0:0:0:0:0:0:0:1 - - [08/Feb/2021:12:45:53 +0900] "GET /user/index HTTP/1.1" 403 502
0:0:0:0:0:0:0:1 - - [08/Feb/2021:12:45:54 +0900] "GET /user/index HTTP/1.1" 403 502
0:0:0:0:0:0:0:1 - - [08/Feb/2021:12:45:54 +0900] "GET /user/index HTTP/1.1" 403 502
0:0:0:0:0:0:0:1 - - [08/Feb/2021:12:45:54 +0900] "GET /user/index HTTP/1.1" 403 502
0:0:0:0:0:0:0:1 - - [08/Feb/2021:12:45:54 +0900] "GET /user/index HTTP/1.1" 403 502
0:0:0:0:0:0:0:1 - - [08/Feb/2021:12:45:55 +0900] "GET /user/index HTTP/1.1" 403 502
0:0:0:0:0:0:0:1 - - [08/Feb/2021:12:45:56 +0900] "GET /user/index HTTP/1.1" 200 191
0:0:0:0:0:0:0:1 - - [08/Feb/2021:12:46:07 +0900] "GET /user/index HTTP/1.1" 200 191
0:0:0:0:0:0:0:1 - - [08/Feb/2021:12:46:07 +0900] "GET /user/index HTTP/1.1" 200 191
0:0:0:0:0:0:0:1 - - [08/Feb/2021:12:46:10 +0900] "GET /user/index HTTP/1.1" 200 191
0:0:0:0:0:0:0:1 - - [08/Feb/2021:12:46:11 +0900] "GET /user/index HTTP/1.1" 200 191
127.0.0.1 - - [08/Feb/2021:12:46:12 +0900] "GET /user/index HTTP/1.1" 403 502
127.0.0.1 - - [08/Feb/2021:12:46:14 +0900] "GET /user/index HTTP/1.1" 403 502
127.0.0.1 - - [08/Feb/2021:12:46:14 +0900] "GET /user/index HTTP/1.1" 403 502
127.0.0.1 - - [08/Feb/2021:12:46:14 +0900] "GET /user/index HTTP/1.1" 403 502
0:0:0:0:0:0:0:1 - - [08/Feb/2021:12:46:27 +0900] "GET /user/index HTTP/1.1" 200 191
0:0:0:0:0:0:0:1 - - [08/Feb/2021:12:47:39 +0900] "GET /user/index HTTP/1.1" 200 191
0:0:0:0:0:0:0:1 - - [08/Feb/2021:12:47:39 +0900] "GET /user/index HTTP/1.1" 200 191
0:0:0:0:0:0:0:1 - - [08/Feb/2021:12:47:53 +0900] "GET /user/index HTTP/1.1" 200 191
0:0:0:0:0:0:0:1 - - [08/Feb/2021:12:48:15 +0900] "GET /user/index HTTP/1.1" 200 191
0:0:0:0:0:0:0:1 - - [08/Feb/2021:12:48:16 +0900] "GET /user/index HTTP/1.1" 200 191
0:0:0:0:0:0:0:1 - - [08/Feb/2021:12:48:16 +0900] "GET /user/index HTTP/1.1" 200 191
0:0:0:0:0:0:0:1 - - [08/Feb/2021:12:48:16 +0900] "GET /user/index HTTP/1.1" 200 191
0:0:0:0:0:0:0:1 - - [08/Feb/2021:12:48:16 +0900] "GET /user/index HTTP/1.1" 200 191
0:0:0:0:0:0:0:1 - - [08/Feb/2021:12:48:22 +0900] "GET /user HTTP/1.1" 404 587
0:0:0:0:0:0:0:1 - - [08/Feb/2021:12:48:23 +0900] "POST /logout HTTP/1.1" 302 -
0:0:0:0:0:0:0:1 - - [08/Feb/2021:12:48:23 +0900] "GET /login?logout HTTP/1.1" 302 -
0:0:0:0:0:0:0:1 - - [08/Feb/2021:12:48:23 +0900] "GET /login HTTP/1.1" 200 1406
0:0:0:0:0:0:0:1 - - [08/Feb/2021:12:48:30 +0900] "GET / HTTP/1.1" 302 -
0:0:0:0:0:0:0:1 - - [08/Feb/2021:12:48:30 +0900] "GET /login HTTP/1.1" 200 1406
0:0:0:0:0:0:0:1 - - [08/Feb/2021:12:48:37 +0900] "POST /login HTTP/1.1" 302 -
0:0:0:0:0:0:0:1 - - [08/Feb/2021:12:48:37 +0900] "GET /login?error HTTP/1.1" 200 1514
0:0:0:0:0:0:0:1 - - [08/Feb/2021:12:48:41 +0900] "GET /login HTTP/1.1" 200 1406
0:0:0:0:0:0:0:1 - - [08/Feb/2021:12:48:42 +0900] "GET /login-error HTTP/1.1" 302 -
0:0:0:0:0:0:0:1 - - [08/Feb/2021:12:48:43 +0900] "GET /login HTTP/1.1" 200 1406
0:0:0:0:0:0:0:1 - - [08/Feb/2021:12:49:14 +0900] "GET /login HTTP/1.1" 200 1406
0:0:0:0:0:0:0:1 - - [08/Feb/2021:12:49:14 +0900] "GET /login HTTP/1.1" 200 1406
0:0:0:0:0:0:0:1 - - [08/Feb/2021:12:49:16 +0900] "GET /user/index HTTP/1.1" 302 -
0:0:0:0:0:0:0:1 - - [08/Feb/2021:12:57:10 +0900] "GET /login HTTP/1.1" 302 -
0:0:0:0:0:0:0:1 - - [08/Feb/2021:12:57:10 +0900] "GET /timeout HTTP/1.1" 404 510
0:0:0:0:0:0:0:1 - - [08/Feb/2021:12:57:13 +0900] "POST /logout HTTP/1.1" 302 -
0:0:0:0:0:0:0:1 - - [08/Feb/2021:12:57:13 +0900] "GET /login HTTP/1.1" 302 -
0:0:0:0:0:0:0:1 - - [08/Feb/2021:12:57:13 +0900] "GET /timeout HTTP/1.1" 404 510
0:0:0:0:0:0:0:1 - - [08/Feb/2021:12:57:18 +0900] "GET /user/index HTTP/1.1" 302 -
0:0:0:0:0:0:0:1 - - [08/Feb/2021:12:57:18 +0900] "GET /login HTTP/1.1" 200 458
0:0:0:0:0:0:0:1 - - [08/Feb/2021:12:57:19 +0900] "GET /user/index HTTP/1.1" 302 -
0:0:0:0:0:0:0:1 - - [08/Feb/2021:12:57:19 +0900] "GET /login HTTP/1.1" 200 458
0:0:0:0:0:0:0:1 - - [08/Feb/2021:12:57:24 +0900] "POST /login HTTP/1.1" 302 -
0:0:0:0:0:0:0:1 - - [08/Feb/2021:12:57:24 +0900] "GET /user/index HTTP/1.1" 403 502
0:0:0:0:0:0:0:1 - - [08/Feb/2021:12:58:19 +0900] "GET /user/index HTTP/1.1" 403 502
0:0:0:0:0:0:0:1 - - [08/Feb/2021:12:58:19 +0900] "GET /user/index HTTP/1.1" 403 502
0:0:0:0:0:0:0:1 - - [08/Feb/2021:12:58:20 +0900] "GET /user/index HTTP/1.1" 403 502
0:0:0:0:0:0:0:1 - - [08/Feb/2021:12:59:14 +0900] "GET /user/index HTTP/1.1" 403 502
0:0:0:0:0:0:0:1 - - [08/Feb/2021:13:00:39 +0900] "GET /user/index HTTP/1.1" 302 -
0:0:0:0:0:0:0:1 - - [08/Feb/2021:13:00:40 +0900] "GET /timeout HTTP/1.1" 404 510
0:0:0:0:0:0:0:1 - - [08/Feb/2021:13:01:14 +0900] "GET /user/index HTTP/1.1" 302 -
0:0:0:0:0:0:0:1 - - [08/Feb/2021:13:01:14 +0900] "GET /login HTTP/1.1" 200 458
0:0:0:0:0:0:0:1 - - [08/Feb/2021:13:01:20 +0900] "POST /login HTTP/1.1" 302 -
0:0:0:0:0:0:0:1 - - [08/Feb/2021:13:01:20 +0900] "GET /user/index HTTP/1.1" 403 502
0:0:0:0:0:0:0:1 - - [08/Feb/2021:13:02:12 +0900] "GET /user/index HTTP/1.1" 200 181
0:0:0:0:0:0:0:1 - - [08/Feb/2021:13:02:14 +0900] "GET /user/index HTTP/1.1" 403 582
0:0:0:0:0:0:0:1 - - [08/Feb/2021:13:02:46 +0900] "GET /user/index HTTP/1.1" 403 582
0:0:0:0:0:0:0:1 - - [08/Feb/2021:13:02:46 +0900] "GET /user/index HTTP/1.1" 403 582
0:0:0:0:0:0:0:1 - - [08/Feb/2021:13:02:57 +0900] "GET /user/index HTTP/1.1" 200 181
0:0:0:0:0:0:0:1 - - [08/Feb/2021:13:03:00 +0900] "GET /user/index HTTP/1.1" 403 582
0:0:0:0:0:0:0:1 - - [08/Feb/2021:13:03:26 +0900] "GET /user/index HTTP/1.1" 403 582
0:0:0:0:0:0:0:1 - - [08/Feb/2021:13:06:22 +0900] "GET /user/index HTTP/1.1" 302 -
0:0:0:0:0:0:0:1 - - [08/Feb/2021:13:06:22 +0900] "GET /timeout HTTP/1.1" 404 590
0:0:0:0:0:0:0:1 - - [08/Feb/2021:13:06:52 +0900] "GET /user/index HTTP/1.1" 302 -
0:0:0:0:0:0:0:1 - - [08/Feb/2021:13:06:52 +0900] "GET /login HTTP/1.1" 200 538
0:0:0:0:0:0:0:1 - - [08/Feb/2021:13:06:53 +0900] "GET /user/index HTTP/1.1" 302 -
0:0:0:0:0:0:0:1 - - [08/Feb/2021:13:06:53 +0900] "GET /login HTTP/1.1" 200 538
0:0:0:0:0:0:0:1 - - [08/Feb/2021:13:07:08 +0900] "POST /login HTTP/1.1" 302 -
0:0:0:0:0:0:0:1 - - [08/Feb/2021:13:07:08 +0900] "GET /user/index HTTP/1.1" 403 582
0:0:0:0:0:0:0:1 - - [08/Feb/2021:13:34:32 +0900] "GET /user/index HTTP/1.1" 302 -
0:0:0:0:0:0:0:1 - - [08/Feb/2021:13:34:32 +0900] "GET /timeout HTTP/1.1" 404 510
0:0:0:0:0:0:0:1 - - [08/Feb/2021:13:34:37 +0900] "GET /timeout HTTP/1.1" 404 510
0:0:0:0:0:0:0:1 - - [08/Feb/2021:13:34:39 +0900] "GET /user/index HTTP/1.1" 302 -
0:0:0:0:0:0:0:1 - - [08/Feb/2021:13:34:39 +0900] "GET /login HTTP/1.1" 200 458
0:0:0:0:0:0:0:1 - - [08/Feb/2021:13:34:42 +0900] "GET /user/index HTTP/1.1" 302 -
0:0:0:0:0:0:0:1 - - [08/Feb/2021:13:34:42 +0900] "GET /login HTTP/1.1" 200 458
0:0:0:0:0:0:0:1 - - [08/Feb/2021:13:34:48 +0900] "POST /login HTTP/1.1" 302 -
0:0:0:0:0:0:0:1 - - [08/Feb/2021:13:34:48 +0900] "GET /user/index HTTP/1.1" 403 502
0:0:0:0:0:0:0:1 - - [08/Feb/2021:13:35:57 +0900] "GET /user/index HTTP/1.1" 403 502
0:0:0:0:0:0:0:1 - - [08/Feb/2021:13:36:41 +0900] "GET /user/index HTTP/1.1" 403 502
0:0:0:0:0:0:0:1 - - [08/Feb/2021:13:37:17 +0900] "GET /user/index HTTP/1.1" 403 502
0:0:0:0:0:0:0:1 - - [08/Feb/2021:13:37:19 +0900] "GET /user/index HTTP/1.1" 403 502
0:0:0:0:0:0:0:1 - - [08/Feb/2021:13:37:48 +0900] "GET /user/index HTTP/1.1" 403 502
0:0:0:0:0:0:0:1 - - [08/Feb/2021:13:37:49 +0900] "GET /user/index HTTP/1.1" 403 502
0:0:0:0:0:0:0:1 - - [08/Feb/2021:13:38:41 +0900] "GET /user/index HTTP/1.1" 403 502
0:0:0:0:0:0:0:1 - - [08/Feb/2021:13:39:40 +0900] "GET /user/index HTTP/1.1" 403 462
0:0:0:0:0:0:0:1 - - [08/Feb/2021:13:39:42 +0900] "GET /user/index HTTP/1.1" 403 462
0:0:0:0:0:0:0:1 - - [08/Feb/2021:13:43:21 +0900] "GET /user/index HTTP/1.1" 302 -
0:0:0:0:0:0:0:1 - - [08/Feb/2021:13:43:21 +0900] "GET /timeout HTTP/1.1" 404 462
0:0:0:0:0:0:0:1 - - [08/Feb/2021:13:43:29 +0900] "GET /timeout HTTP/1.1" 404 462
0:0:0:0:0:0:0:1 - - [08/Feb/2021:13:43:32 +0900] "GET /user/index HTTP/1.1" 302 -
0:0:0:0:0:0:0:1 - - [08/Feb/2021:13:43:32 +0900] "GET /login HTTP/1.1" 200 458
0:0:0:0:0:0:0:1 - - [08/Feb/2021:13:43:33 +0900] "GET /user/index HTTP/1.1" 302 -
0:0:0:0:0:0:0:1 - - [08/Feb/2021:13:43:33 +0900] "GET /login HTTP/1.1" 200 458
0:0:0:0:0:0:0:1 - - [08/Feb/2021:13:43:39 +0900] "POST /login HTTP/1.1" 302 -
0:0:0:0:0:0:0:1 - - [08/Feb/2021:13:43:39 +0900] "GET /user/index HTTP/1.1" 403 462
0:0:0:0:0:0:0:1 - - [08/Feb/2021:13:44:02 +0900] "GET /user/index HTTP/1.1" 403 462
0:0:0:0:0:0:0:1 - - [08/Feb/2021:13:44:02 +0900] "GET /user/index HTTP/1.1" 403 462
0:0:0:0:0:0:0:1 - - [08/Feb/2021:13:44:04 +0900] "GET /user/index HTTP/1.1" 403 462
0:0:0:0:0:0:0:1 - - [08/Feb/2021:13:44:05 +0900] "GET /user/index HTTP/1.1" 403 462
0:0:0:0:0:0:0:1 - - [08/Feb/2021:13:44:06 +0900] "GET /user/index HTTP/1.1" 403 462
0:0:0:0:0:0:0:1 - - [08/Feb/2021:13:44:15 +0900] "GET /user/index HTTP/1.1" 302 -
0:0:0:0:0:0:0:1 - - [08/Feb/2021:13:44:15 +0900] "GET /timeout HTTP/1.1" 404 306
0:0:0:0:0:0:0:1 - - [08/Feb/2021:13:44:21 +0900] "GET /timeout HTTP/1.1" 404 306
0:0:0:0:0:0:0:1 - - [08/Feb/2021:13:44:22 +0900] "GET /timeout HTTP/1.1" 404 306
0:0:0:0:0:0:0:1 - - [08/Feb/2021:13:44:29 +0900] "GET /user/index HTTP/1.1" 302 -
0:0:0:0:0:0:0:1 - - [08/Feb/2021:13:44:29 +0900] "GET /login HTTP/1.1" 200 458
0:0:0:0:0:0:0:1 - - [08/Feb/2021:13:44:33 +0900] "POST /login HTTP/1.1" 302 -
0:0:0:0:0:0:0:1 - - [08/Feb/2021:13:44:33 +0900] "GET /user/index HTTP/1.1" 403 295
0:0:0:0:0:0:0:1 - - [08/Feb/2021:13:49:21 +0900] "GET /user/index HTTP/1.1" 302 -
0:0:0:0:0:0:0:1 - - [08/Feb/2021:13:49:21 +0900] "GET /timeout HTTP/1.1" 404 144
0:0:0:0:0:0:0:1 - - [08/Feb/2021:13:49:23 +0900] "GET /timeout HTTP/1.1" 404 144
0:0:0:0:0:0:0:1 - - [08/Feb/2021:13:50:03 +0900] "GET /timeout HTTP/1.1" 404 144
0:0:0:0:0:0:0:1 - - [08/Feb/2021:13:50:13 +0900] "GET /timeout HTTP/1.1" 302 -
0:0:0:0:0:0:0:1 - - [08/Feb/2021:13:50:14 +0900] "GET /timeout HTTP/1.1" 404 144
0:0:0:0:0:0:0:1 - - [08/Feb/2021:13:50:16 +0900] "GET /timeout HTTP/1.1" 404 144
0:0:0:0:0:0:0:1 - - [08/Feb/2021:13:50:17 +0900] "GET /timeout HTTP/1.1" 404 144
0:0:0:0:0:0:0:1 - - [08/Feb/2021:13:54:53 +0900] "GET /timeout HTTP/1.1" 302 -
0:0:0:0:0:0:0:1 - - [08/Feb/2021:13:54:54 +0900] "GET /timeout HTTP/1.1" 404 401
0:0:0:0:0:0:0:1 - - [08/Feb/2021:13:55:49 +0900] "GET /timeout HTTP/1.1" 404 401
0:0:0:0:0:0:0:1 - - [08/Feb/2021:13:55:50 +0900] "GET /timeout HTTP/1.1" 404 401
0:0:0:0:0:0:0:1 - - [08/Feb/2021:13:56:10 +0900] "GET /timeout HTTP/1.1" 302 -
0:0:0:0:0:0:0:1 - - [08/Feb/2021:13:56:10 +0900] "GET /timeout HTTP/1.1" 404 432
0:0:0:0:0:0:0:1 - - [08/Feb/2021:13:56:18 +0900] "GET /timeout HTTP/1.1" 404 432
0:0:0:0:0:0:0:1 - - [08/Feb/2021:13:56:19 +0900] "GET /timeout HTTP/1.1" 404 432
0:0:0:0:0:0:0:1 - - [08/Feb/2021:13:56:20 +0900] "GET /timeout HTTP/1.1" 404 432
0:0:0:0:0:0:0:1 - - [08/Feb/2021:13:56:45 +0900] "GET /user/index HTTP/1.1" 302 -
0:0:0:0:0:0:0:1 - - [08/Feb/2021:13:56:45 +0900] "GET /login HTTP/1.1" 200 458
0:0:0:0:0:0:0:1 - - [08/Feb/2021:13:56:46 +0900] "GET /user/index HTTP/1.1" 302 -
0:0:0:0:0:0:0:1 - - [08/Feb/2021:13:56:46 +0900] "GET /login HTTP/1.1" 200 458
0:0:0:0:0:0:0:1 - - [08/Feb/2021:13:56:50 +0900] "POST /login HTTP/1.1" 302 -
0:0:0:0:0:0:0:1 - - [08/Feb/2021:13:56:50 +0900] "GET /user/index HTTP/1.1" 403 424
0:0:0:0:0:0:0:1 - - [08/Feb/2021:13:59:40 +0900] "GET /user/index HTTP/1.1" 403 424
0:0:0:0:0:0:0:1 - - [08/Feb/2021:13:59:41 +0900] "GET /user/index HTTP/1.1" 403 424
0:0:0:0:0:0:0:1 - - [08/Feb/2021:13:59:42 +0900] "GET /user/index HTTP/1.1" 403 424
0:0:0:0:0:0:0:1 - - [08/Feb/2021:13:59:43 +0900] "GET /user/index HTTP/1.1" 200 181
0:0:0:0:0:0:0:1 - - [08/Feb/2021:13:59:46 +0900] "GET /user/index HTTP/1.1" 403 424
0:0:0:0:0:0:0:1 - - [08/Feb/2021:13:59:47 +0900] "GET /user/index HTTP/1.1" 403 424
0:0:0:0:0:0:0:1 - - [08/Feb/2021:13:59:47 +0900] "GET /user/index HTTP/1.1" 403 424
0:0:0:0:0:0:0:1 - - [08/Feb/2021:13:59:48 +0900] "GET /user/index HTTP/1.1" 403 424
0:0:0:0:0:0:0:1 - - [08/Feb/2021:14:00:44 +0900] "GET /user/index HTTP/1.1" 302 -
0:0:0:0:0:0:0:1 - - [08/Feb/2021:14:00:44 +0900] "GET /timeout HTTP/1.1" 404 432
0:0:0:0:0:0:0:1 - - [08/Feb/2021:14:00:47 +0900] "GET / HTTP/1.1" 404 425
0:0:0:0:0:0:0:1 - - [08/Feb/2021:14:00:47 +0900] "GET / HTTP/1.1" 404 425
0:0:0:0:0:0:0:1 - - [08/Feb/2021:14:01:38 +0900] "GET /user/index HTTP/1.1" 302 -
0:0:0:0:0:0:0:1 - - [08/Feb/2021:14:01:38 +0900] "GET /timeout HTTP/1.1" 404 432
0:0:0:0:0:0:0:1 - - [08/Feb/2021:14:01:46 +0900] "GET /user/index HTTP/1.1" 302 -
0:0:0:0:0:0:0:1 - - [08/Feb/2021:14:01:46 +0900] "GET /login HTTP/1.1" 200 458
0:0:0:0:0:0:0:1 - - [08/Feb/2021:14:01:49 +0900] "GET /user/index HTTP/1.1" 302 -
0:0:0:0:0:0:0:1 - - [08/Feb/2021:14:01:49 +0900] "GET /login HTTP/1.1" 200 458
0:0:0:0:0:0:0:1 - - [08/Feb/2021:14:01:54 +0900] "POST /login HTTP/1.1" 302 -
0:0:0:0:0:0:0:1 - - [08/Feb/2021:14:01:54 +0900] "GET /user/index HTTP/1.1" 403 424
0:0:0:0:0:0:0:1 - - [08/Feb/2021:14:03:02 +0900] "GET /user/index HTTP/1.1" 403 424
0:0:0:0:0:0:0:1 - - [08/Feb/2021:14:03:04 +0900] "GET /user/index HTTP/1.1" 403 424
0:0:0:0:0:0:0:1 - - [08/Feb/2021:14:05:20 +0900] "GET /user/index HTTP/1.1" 403 424
0:0:0:0:0:0:0:1 - - [08/Feb/2021:14:06:09 +0900] "GET /user/index HTTP/1.1" 403 424
0:0:0:0:0:0:0:1 - - [08/Feb/2021:14:11:46 +0900] "GET /user/index HTTP/1.1" 302 -
0:0:0:0:0:0:0:1 - - [08/Feb/2021:14:11:46 +0900] "GET /timeout HTTP/1.1" 404 432
0:0:0:0:0:0:0:1 - - [08/Feb/2021:14:11:52 +0900] "GET /user/index HTTP/1.1" 302 -
0:0:0:0:0:0:0:1 - - [08/Feb/2021:14:11:52 +0900] "GET /login HTTP/1.1" 200 458
0:0:0:0:0:0:0:1 - - [08/Feb/2021:14:11:53 +0900] "GET /user/index HTTP/1.1" 302 -
0:0:0:0:0:0:0:1 - - [08/Feb/2021:14:11:53 +0900] "GET /login HTTP/1.1" 200 458
0:0:0:0:0:0:0:1 - - [08/Feb/2021:14:11:58 +0900] "POST /login HTTP/1.1" 500 7138
0:0:0:0:0:0:0:1 - - [08/Feb/2021:14:12:05 +0900] "POST /login HTTP/1.1" 500 7138
0:0:0:0:0:0:0:1 - - [08/Feb/2021:14:12:55 +0900] "POST /login HTTP/1.1" 500 7138
0:0:0:0:0:0:0:1 - - [08/Feb/2021:14:12:57 +0900] "POST /login HTTP/1.1" 500 7138
0:0:0:0:0:0:0:1 - - [08/Feb/2021:14:13:28 +0900] "POST /login HTTP/1.1" 500 7138
0:0:0:0:0:0:0:1 - - [08/Feb/2021:14:13:31 +0900] "POST /login HTTP/1.1" 500 7138
0:0:0:0:0:0:0:1 - - [08/Feb/2021:14:13:40 +0900] "POST /login HTTP/1.1" 302 -
0:0:0:0:0:0:0:1 - - [08/Feb/2021:14:13:40 +0900] "GET /login-error HTTP/1.1" 200 498
0:0:0:0:0:0:0:1 - - [08/Feb/2021:14:13:42 +0900] "GET /login-error HTTP/1.1" 200 498
0:0:0:0:0:0:0:1 - - [08/Feb/2021:14:13:48 +0900] "POST /login HTTP/1.1" 302 -
0:0:0:0:0:0:0:1 - - [08/Feb/2021:14:13:48 +0900] "GET /user/index HTTP/1.1" 200 181
0:0:0:0:0:0:0:1 - - [08/Feb/2021:14:14:25 +0900] "GET /user/index HTTP/1.1" 200 181
0:0:0:0:0:0:0:1 - - [08/Feb/2021:14:14:27 +0900] "GET /user/index HTTP/1.1" 200 181
0:0:0:0:0:0:0:1 - - [08/Feb/2021:14:14:32 +0900] "GET /user/index HTTP/1.1" 200 181
0:0:0:0:0:0:0:1 - - [08/Feb/2021:14:14:34 +0900] "GET /user/index HTTP/1.1" 200 181
0:0:0:0:0:0:0:1 - - [08/Feb/2021:14:14:35 +0900] "GET /user/index HTTP/1.1" 200 181
0:0:0:0:0:0:0:1 - - [08/Feb/2021:14:14:35 +0900] "GET /user/index HTTP/1.1" 200 181
0:0:0:0:0:0:0:1 - - [08/Feb/2021:14:14:35 +0900] "GET /user/index HTTP/1.1" 200 181
0:0:0:0:0:0:0:1 - - [08/Feb/2021:14:14:35 +0900] "GET /user/index HTTP/1.1" 200 181
0:0:0:0:0:0:0:1 - - [08/Feb/2021:14:14:36 +0900] "GET /user/index HTTP/1.1" 200 181
0:0:0:0:0:0:0:1 - - [08/Feb/2021:14:14:39 +0900] "GET /user/index HTTP/1.1" 200 181
0:0:0:0:0:0:0:1 - - [08/Feb/2021:14:14:41 +0900] "GET /aaaa HTTP/1.1" 404 429
0:0:0:0:0:0:0:1 - - [08/Feb/2021:14:15:16 +0900] "GET /aaaa HTTP/1.1" 404 429
0:0:0:0:0:0:0:1 - - [08/Feb/2021:14:15:17 +0900] "GET /aaaa HTTP/1.1" 404 429
0:0:0:0:0:0:0:1 - - [08/Feb/2021:14:15:27 +0900] "GET /aaaa HTTP/1.1" 302 -
0:0:0:0:0:0:0:1 - - [08/Feb/2021:14:15:27 +0900] "GET /timeout HTTP/1.1" 404 556
0:0:0:0:0:0:0:1 - - [08/Feb/2021:14:15:29 +0900] "GET /timeout HTTP/1.1" 404 556
0:0:0:0:0:0:0:1 - - [08/Feb/2021:14:15:30 +0900] "POST /logout HTTP/1.1" 302 -
0:0:0:0:0:0:0:1 - - [08/Feb/2021:14:15:30 +0900] "GET /login HTTP/1.1" 302 -
0:0:0:0:0:0:0:1 - - [08/Feb/2021:14:15:30 +0900] "GET /timeout HTTP/1.1" 404 556
0:0:0:0:0:0:0:1 - - [08/Feb/2021:14:15:31 +0900] "POST /logout HTTP/1.1" 302 -
0:0:0:0:0:0:0:1 - - [08/Feb/2021:14:15:31 +0900] "GET /login HTTP/1.1" 302 -
0:0:0:0:0:0:0:1 - - [08/Feb/2021:14:15:31 +0900] "GET /timeout HTTP/1.1" 404 556
0:0:0:0:0:0:0:1 - - [08/Feb/2021:14:15:37 +0900] "GET /user/index HTTP/1.1" 302 -
0:0:0:0:0:0:0:1 - - [08/Feb/2021:14:15:37 +0900] "GET /login HTTP/1.1" 200 458
0:0:0:0:0:0:0:1 - - [08/Feb/2021:14:15:42 +0900] "POST /login HTTP/1.1" 302 -
0:0:0:0:0:0:0:1 - - [08/Feb/2021:14:15:42 +0900] "GET /login-error HTTP/1.1" 200 598
0:0:0:0:0:0:0:1 - - [08/Feb/2021:14:16:13 +0900] "GET /login-error HTTP/1.1" 200 598
0:0:0:0:0:0:0:1 - - [08/Feb/2021:14:16:16 +0900] "GET /login-error HTTP/1.1" 200 598
0:0:0:0:0:0:0:1 - - [08/Feb/2021:14:16:26 +0900] "GET /login-error HTTP/1.1" 302 -
0:0:0:0:0:0:0:1 - - [08/Feb/2021:14:16:26 +0900] "GET /login HTTP/1.1" 200 1406
0:0:0:0:0:0:0:1 - - [08/Feb/2021:14:16:29 +0900] "GET /login HTTP/1.1" 200 458
0:0:0:0:0:0:0:1 - - [08/Feb/2021:14:16:34 +0900] "POST /login HTTP/1.1" 302 -
0:0:0:0:0:0:0:1 - - [08/Feb/2021:14:16:34 +0900] "GET /login-error HTTP/1.1" 200 458
0:0:0:0:0:0:0:1 - - [08/Feb/2021:14:16:42 +0900] "POST /login HTTP/1.1" 302 -
0:0:0:0:0:0:0:1 - - [08/Feb/2021:14:16:42 +0900] "GET / HTTP/1.1" 404 549
0:0:0:0:0:0:0:1 - - [08/Feb/2021:14:16:49 +0900] "GET /user/index HTTP/1.1" 403 548
0:0:0:0:0:0:0:1 - - [08/Feb/2021:15:27:06 +0900] "GET /user/index HTTP/1.1" 302 -
0:0:0:0:0:0:0:1 - - [08/Feb/2021:15:27:06 +0900] "GET /timeout HTTP/1.1" 404 556
0:0:0:0:0:0:0:1 - - [08/Feb/2021:15:27:09 +0900] "GET / HTTP/1.1" 404 549
0:0:0:0:0:0:0:1 - - [08/Feb/2021:15:27:12 +0900] "GET /user/index HTTP/1.1" 302 -
0:0:0:0:0:0:0:1 - - [08/Feb/2021:15:27:12 +0900] "GET /login HTTP/1.1" 200 458
0:0:0:0:0:0:0:1 - - [08/Feb/2021:15:27:13 +0900] "GET /user/index HTTP/1.1" 302 -
0:0:0:0:0:0:0:1 - - [08/Feb/2021:15:27:13 +0900] "GET /login HTTP/1.1" 200 458
0:0:0:0:0:0:0:1 - - [08/Feb/2021:15:27:18 +0900] "POST /login HTTP/1.1" 302 -
0:0:0:0:0:0:0:1 - - [08/Feb/2021:15:27:18 +0900] "GET /login-error HTTP/1.1" 200 701
0:0:0:0:0:0:0:1 - - [08/Feb/2021:15:27:32 +0900] "POST /login HTTP/1.1" 302 -
0:0:0:0:0:0:0:1 - - [08/Feb/2021:15:27:32 +0900] "GET /login-error HTTP/1.1" 200 701
0:0:0:0:0:0:0:1 - - [08/Feb/2021:15:29:07 +0900] "GET /login-error HTTP/1.1" 302 -
0:0:0:0:0:0:0:1 - - [08/Feb/2021:15:29:07 +0900] "GET /timeout HTTP/1.1" 404 556
0:0:0:0:0:0:0:1 - - [08/Feb/2021:15:29:09 +0900] "GET /login-error HTTP/1.1" 200 458
0:0:0:0:0:0:0:1 - - [08/Feb/2021:15:29:14 +0900] "POST /login HTTP/1.1" 302 -
0:0:0:0:0:0:0:1 - - [08/Feb/2021:15:29:14 +0900] "GET /login-error HTTP/1.1" 200 701
0:0:0:0:0:0:0:1 - - [08/Feb/2021:15:32:40 +0900] "GET /login-error HTTP/1.1" 302 -
0:0:0:0:0:0:0:1 - - [08/Feb/2021:15:32:40 +0900] "GET /timeout HTTP/1.1" 404 556
0:0:0:0:0:0:0:1 - - [08/Feb/2021:15:32:44 +0900] "GET /user/index HTTP/1.1" 302 -
0:0:0:0:0:0:0:1 - - [08/Feb/2021:15:32:44 +0900] "GET /login HTTP/1.1" 200 458
0:0:0:0:0:0:0:1 - - [08/Feb/2021:15:32:51 +0900] "POST /login HTTP/1.1" 302 -
0:0:0:0:0:0:0:1 - - [08/Feb/2021:15:32:51 +0900] "GET /login-error HTTP/1.1" 200 701
0:0:0:0:0:0:0:1 - - [08/Feb/2021:15:34:07 +0900] "GET /timeout HTTP/1.1" 302 -
0:0:0:0:0:0:0:1 - - [08/Feb/2021:15:34:07 +0900] "GET /timeout HTTP/1.1" 404 556
0:0:0:0:0:0:0:1 - - [08/Feb/2021:15:34:10 +0900] "GET /timeout HTTP/1.1" 404 556
0:0:0:0:0:0:0:1 - - [08/Feb/2021:15:34:14 +0900] "POST /login HTTP/1.1" 302 -
0:0:0:0:0:0:0:1 - - [08/Feb/2021:15:34:14 +0900] "GET /login-error HTTP/1.1" 200 701
0:0:0:0:0:0:0:1 - - [08/Feb/2021:15:40:52 +0900] "GET /user/index HTTP/1.1" 302 -
0:0:0:0:0:0:0:1 - - [08/Feb/2021:15:40:52 +0900] "GET /timeout HTTP/1.1" 404 556
0:0:0:0:0:0:0:1 - - [08/Feb/2021:15:41:00 +0900] "POST /logout HTTP/1.1" 302 -
0:0:0:0:0:0:0:1 - - [08/Feb/2021:15:41:00 +0900] "GET /login HTTP/1.1" 302 -
0:0:0:0:0:0:0:1 - - [08/Feb/2021:15:41:00 +0900] "GET /timeout HTTP/1.1" 404 556
0:0:0:0:0:0:0:1 - - [08/Feb/2021:15:41:02 +0900] "GET /login HTTP/1.1" 200 458
0:0:0:0:0:0:0:1 - - [08/Feb/2021:15:41:03 +0900] "GET /login HTTP/1.1" 200 458
0:0:0:0:0:0:0:1 - - [08/Feb/2021:15:41:07 +0900] "POST /login HTTP/1.1" 302 -
0:0:0:0:0:0:0:1 - - [08/Feb/2021:15:41:07 +0900] "GET /login-error HTTP/1.1" 200 701
0:0:0:0:0:0:0:1 - - [08/Feb/2021:15:41:23 +0900] "GET /user/index HTTP/1.1" 302 -
0:0:0:0:0:0:0:1 - - [08/Feb/2021:15:41:23 +0900] "GET /login HTTP/1.1" 200 458
0:0:0:0:0:0:0:1 - - [08/Feb/2021:15:41:25 +0900] "GET /h2-console HTTP/1.1" 302 -
0:0:0:0:0:0:0:1 - - [08/Feb/2021:15:41:25 +0900] "GET /h2-console/ HTTP/1.1" 200 938
0:0:0:0:0:0:0:1 - - [08/Feb/2021:15:41:25 +0900] "GET /h2-console/stylesheet.css HTTP/1.1" 200 4924
0:0:0:0:0:0:0:1 - - [08/Feb/2021:15:41:26 +0900] "GET /h2-console HTTP/1.1" 302 -
0:0:0:0:0:0:0:1 - - [08/Feb/2021:15:41:26 +0900] "GET /h2-console/login.jsp?jsessionid=b6d7ef0c1e532c1dc52361adaf697bfb HTTP/1.1" 200 9015
0:0:0:0:0:0:0:1 - - [08/Feb/2021:15:41:26 +0900] "GET /h2-console/background.gif HTTP/1.1" 200 169
0:0:0:0:0:0:0:1 - - [08/Feb/2021:15:41:55 +0900] "POST /h2-console/login.do?jsessionid=b6d7ef0c1e532c1dc52361adaf697bfb HTTP/1.1" 200 1460
0:0:0:0:0:0:0:1 - - [08/Feb/2021:15:41:55 +0900] "GET /h2-console/stylesheet.css HTTP/1.1" 304 -
0:0:0:0:0:0:0:1 - - [08/Feb/2021:15:41:55 +0900] "GET /h2-console/header.jsp?jsessionid=b6d7ef0c1e532c1dc52361adaf697bfb HTTP/1.1" 200 8070
0:0:0:0:0:0:0:1 - - [08/Feb/2021:15:41:55 +0900] "GET /h2-console/help.jsp?jsessionid=b6d7ef0c1e532c1dc52361adaf697bfb HTTP/1.1" 200 5315
0:0:0:0:0:0:0:1 - - [08/Feb/2021:15:41:55 +0900] "GET /h2-console/query.jsp?jsessionid=b6d7ef0c1e532c1dc52361adaf697bfb HTTP/1.1" 200 16430
0:0:0:0:0:0:0:1 - - [08/Feb/2021:15:41:55 +0900] "GET /h2-console/icon_line.gif HTTP/1.1" 200 818
0:0:0:0:0:0:0:1 - - [08/Feb/2021:15:41:55 +0900] "GET /h2-console/icon_disconnect.gif HTTP/1.1" 200 114
0:0:0:0:0:0:0:1 - - [08/Feb/2021:15:41:55 +0900] "GET /h2-console/icon_refresh.gif HTTP/1.1" 200 327
0:0:0:0:0:0:0:1 - - [08/Feb/2021:15:41:55 +0900] "GET /h2-console/icon_commit.gif HTTP/1.1" 200 323
0:0:0:0:0:0:0:1 - - [08/Feb/2021:15:41:55 +0900] "GET /h2-console/icon_rollback.gif HTTP/1.1" 200 331
0:0:0:0:0:0:0:1 - - [08/Feb/2021:15:41:55 +0900] "GET /h2-console/icon_run.gif HTTP/1.1" 200 379
0:0:0:0:0:0:0:1 - - [08/Feb/2021:15:41:55 +0900] "GET /h2-console/icon_stop.gif HTTP/1.1" 200 215
0:0:0:0:0:0:0:1 - - [08/Feb/2021:15:41:55 +0900] "GET /h2-console/icon_run_selected.gif HTTP/1.1" 200 312
0:0:0:0:0:0:0:1 - - [08/Feb/2021:15:41:55 +0900] "GET /h2-console/icon_history.gif HTTP/1.1" 200 216
0:0:0:0:0:0:0:1 - - [08/Feb/2021:15:41:55 +0900] "GET /h2-console/icon_help.gif HTTP/1.1" 200 373
0:0:0:0:0:0:0:1 - - [08/Feb/2021:15:41:55 +0900] "GET /h2-console/tables.do?jsessionid=b6d7ef0c1e532c1dc52361adaf697bfb HTTP/1.1" 200 7083
0:0:0:0:0:0:0:1 - - [08/Feb/2021:15:41:55 +0900] "GET /h2-console/tree.js HTTP/1.1" 200 3185
0:0:0:0:0:0:0:1 - - [08/Feb/2021:15:41:55 +0900] "GET /h2-console/tree_database.gif HTTP/1.1" 200 545
0:0:0:0:0:0:0:1 - - [08/Feb/2021:15:41:55 +0900] "GET /h2-console/tree_minus.gif HTTP/1.1" 200 861
0:0:0:0:0:0:0:1 - - [08/Feb/2021:15:41:55 +0900] "GET /h2-console/tree_empty.gif HTTP/1.1" 200 62
0:0:0:0:0:0:0:1 - - [08/Feb/2021:15:41:55 +0900] "GET /h2-console/tree_column.gif HTTP/1.1" 200 317
0:0:0:0:0:0:0:1 - - [08/Feb/2021:15:41:55 +0900] "GET /h2-console/tree_plus.gif HTTP/1.1" 200 870
0:0:0:0:0:0:0:1 - - [08/Feb/2021:15:41:55 +0900] "GET /h2-console/tree_table.gif HTTP/1.1" 200 343
0:0:0:0:0:0:0:1 - - [08/Feb/2021:15:41:55 +0900] "GET /h2-console/tree_index_az.gif HTTP/1.1" 200 157
0:0:0:0:0:0:0:1 - - [08/Feb/2021:15:41:55 +0900] "GET /h2-console/tree_index.gif HTTP/1.1" 200 152
0:0:0:0:0:0:0:1 - - [08/Feb/2021:15:41:55 +0900] "GET /h2-console/tree_type.gif HTTP/1.1" 200 197
0:0:0:0:0:0:0:1 - - [08/Feb/2021:15:41:55 +0900] "GET /h2-console/tree_sequence.gif HTTP/1.1" 200 91
0:0:0:0:0:0:0:1 - - [08/Feb/2021:15:41:55 +0900] "GET /h2-console/tree_folder.gif HTTP/1.1" 200 372
0:0:0:0:0:0:0:1 - - [08/Feb/2021:15:41:55 +0900] "GET /h2-console/tree_sequences.gif HTTP/1.1" 200 114
0:0:0:0:0:0:0:1 - - [08/Feb/2021:15:41:55 +0900] "GET /h2-console/tree_info.gif HTTP/1.1" 200 267
0:0:0:0:0:0:0:1 - - [08/Feb/2021:15:41:55 +0900] "GET /h2-console/tree_users.gif HTTP/1.1" 200 601
0:0:0:0:0:0:0:1 - - [08/Feb/2021:15:41:55 +0900] "GET /h2-console/tree_user.gif HTTP/1.1" 200 500
0:0:0:0:0:0:0:1 - - [08/Feb/2021:15:42:05 +0900] "POST /h2-console/query.do?jsessionid=b6d7ef0c1e532c1dc52361adaf697bfb HTTP/1.1" 200 1156
0:0:0:0:0:0:0:1 - - [08/Feb/2021:15:42:05 +0900] "GET /h2-console/stylesheet.css HTTP/1.1" 304 -
0:0:0:0:0:0:0:1 - - [08/Feb/2021:15:42:05 +0900] "GET /h2-console/table.js HTTP/1.1" 200 8930
0:0:0:0:0:0:0:1 - - [08/Feb/2021:15:51:15 +0900] "POST /login HTTP/1.1" 302 -
0:0:0:0:0:0:0:1 - - [08/Feb/2021:15:51:16 +0900] "GET / HTTP/1.1" 404 549
0:0:0:0:0:0:0:1 - - [08/Feb/2021:15:51:21 +0900] "GET /login HTTP/1.1" 200 458
0:0:0:0:0:0:0:1 - - [08/Feb/2021:15:51:22 +0900] "GET /login HTTP/1.1" 200 458
0:0:0:0:0:0:0:1 - - [08/Feb/2021:15:51:26 +0900] "POST /login HTTP/1.1" 302 -
0:0:0:0:0:0:0:1 - - [08/Feb/2021:15:51:26 +0900] "GET / HTTP/1.1" 404 549
0:0:0:0:0:0:0:1 - - [08/Feb/2021:15:51:36 +0900] "GET /user/index HTTP/1.1" 403 548
0:0:0:0:0:0:0:1 - - [08/Feb/2021:15:51:37 +0900] "GET /user/index HTTP/1.1" 403 548
0:0:0:0:0:0:0:1 - - [08/Feb/2021:15:51:55 +0900] "GET /h2-console HTTP/1.1" 302 -
0:0:0:0:0:0:0:1 - - [08/Feb/2021:15:51:55 +0900] "GET /h2-console/ HTTP/1.1" 200 938
0:0:0:0:0:0:0:1 - - [08/Feb/2021:15:51:55 +0900] "GET /h2-console/stylesheet.css HTTP/1.1" 200 4924
0:0:0:0:0:0:0:1 - - [08/Feb/2021:15:51:55 +0900] "GET /h2-console/login.jsp?jsessionid=87fd8e47d42c41704bcbab940ff8e904 HTTP/1.1" 200 9015
0:0:0:0:0:0:0:1 - - [08/Feb/2021:15:51:55 +0900] "GET /h2-console/background.gif HTTP/1.1" 200 169
0:0:0:0:0:0:0:1 - - [08/Feb/2021:15:52:35 +0900] "POST /h2-console/login.do?jsessionid=87fd8e47d42c41704bcbab940ff8e904 HTTP/1.1" 200 1460
0:0:0:0:0:0:0:1 - - [08/Feb/2021:15:52:35 +0900] "GET /h2-console/stylesheet.css HTTP/1.1" 304 -
0:0:0:0:0:0:0:1 - - [08/Feb/2021:15:52:35 +0900] "GET /h2-console/header.jsp?jsessionid=87fd8e47d42c41704bcbab940ff8e904 HTTP/1.1" 200 8070
0:0:0:0:0:0:0:1 - - [08/Feb/2021:15:52:35 +0900] "GET /h2-console/help.jsp?jsessionid=87fd8e47d42c41704bcbab940ff8e904 HTTP/1.1" 200 5315
0:0:0:0:0:0:0:1 - - [08/Feb/2021:15:52:35 +0900] "GET /h2-console/query.jsp?jsessionid=87fd8e47d42c41704bcbab940ff8e904 HTTP/1.1" 200 16430
0:0:0:0:0:0:0:1 - - [08/Feb/2021:15:52:35 +0900] "GET /h2-console/icon_line.gif HTTP/1.1" 200 818
0:0:0:0:0:0:0:1 - - [08/Feb/2021:15:52:35 +0900] "GET /h2-console/icon_disconnect.gif HTTP/1.1" 200 114
0:0:0:0:0:0:0:1 - - [08/Feb/2021:15:52:35 +0900] "GET /h2-console/icon_refresh.gif HTTP/1.1" 200 327
0:0:0:0:0:0:0:1 - - [08/Feb/2021:15:52:35 +0900] "GET /h2-console/icon_rollback.gif HTTP/1.1" 200 331
0:0:0:0:0:0:0:1 - - [08/Feb/2021:15:52:35 +0900] "GET /h2-console/icon_commit.gif HTTP/1.1" 200 323
0:0:0:0:0:0:0:1 - - [08/Feb/2021:15:52:35 +0900] "GET /h2-console/icon_run.gif HTTP/1.1" 200 379
0:0:0:0:0:0:0:1 - - [08/Feb/2021:15:52:35 +0900] "GET /h2-console/icon_run_selected.gif HTTP/1.1" 200 312
0:0:0:0:0:0:0:1 - - [08/Feb/2021:15:52:35 +0900] "GET /h2-console/icon_stop.gif HTTP/1.1" 200 215
0:0:0:0:0:0:0:1 - - [08/Feb/2021:15:52:35 +0900] "GET /h2-console/icon_help.gif HTTP/1.1" 200 373
0:0:0:0:0:0:0:1 - - [08/Feb/2021:15:52:35 +0900] "GET /h2-console/icon_history.gif HTTP/1.1" 200 216
0:0:0:0:0:0:0:1 - - [08/Feb/2021:15:52:35 +0900] "GET /h2-console/tables.do?jsessionid=87fd8e47d42c41704bcbab940ff8e904 HTTP/1.1" 200 7091
0:0:0:0:0:0:0:1 - - [08/Feb/2021:15:52:35 +0900] "GET /h2-console/tree.js HTTP/1.1" 200 3185
0:0:0:0:0:0:0:1 - - [08/Feb/2021:15:52:35 +0900] "GET /h2-console/tree_minus.gif HTTP/1.1" 200 861
0:0:0:0:0:0:0:1 - - [08/Feb/2021:15:52:35 +0900] "GET /h2-console/tree_plus.gif HTTP/1.1" 200 870
0:0:0:0:0:0:0:1 - - [08/Feb/2021:15:52:35 +0900] "GET /h2-console/tree_database.gif HTTP/1.1" 200 545
0:0:0:0:0:0:0:1 - - [08/Feb/2021:15:52:35 +0900] "GET /h2-console/tree_empty.gif HTTP/1.1" 200 62
0:0:0:0:0:0:0:1 - - [08/Feb/2021:15:52:35 +0900] "GET /h2-console/tree_table.gif HTTP/1.1" 200 343
0:0:0:0:0:0:0:1 - - [08/Feb/2021:15:52:35 +0900] "GET /h2-console/tree_column.gif HTTP/1.1" 200 317
0:0:0:0:0:0:0:1 - - [08/Feb/2021:15:52:35 +0900] "GET /h2-console/tree_index_az.gif HTTP/1.1" 200 157
0:0:0:0:0:0:0:1 - - [08/Feb/2021:15:52:35 +0900] "GET /h2-console/tree_index.gif HTTP/1.1" 200 152
0:0:0:0:0:0:0:1 - - [08/Feb/2021:15:52:35 +0900] "GET /h2-console/tree_type.gif HTTP/1.1" 200 197
0:0:0:0:0:0:0:1 - - [08/Feb/2021:15:52:35 +0900] "GET /h2-console/tree_folder.gif HTTP/1.1" 200 372
0:0:0:0:0:0:0:1 - - [08/Feb/2021:15:52:35 +0900] "GET /h2-console/tree_sequence.gif HTTP/1.1" 200 91
0:0:0:0:0:0:0:1 - - [08/Feb/2021:15:52:35 +0900] "GET /h2-console/tree_sequences.gif HTTP/1.1" 200 114
0:0:0:0:0:0:0:1 - - [08/Feb/2021:15:52:35 +0900] "GET /h2-console/tree_info.gif HTTP/1.1" 200 267
0:0:0:0:0:0:0:1 - - [08/Feb/2021:15:52:35 +0900] "GET /h2-console/tree_users.gif HTTP/1.1" 200 601
0:0:0:0:0:0:0:1 - - [08/Feb/2021:15:52:35 +0900] "GET /h2-console/tree_user.gif HTTP/1.1" 200 500
0:0:0:0:0:0:0:1 - - [08/Feb/2021:15:53:00 +0900] "POST /h2-console/query.do?jsessionid=87fd8e47d42c41704bcbab940ff8e904 HTTP/1.1" 200 1080
0:0:0:0:0:0:0:1 - - [08/Feb/2021:15:53:00 +0900] "GET /h2-console/stylesheet.css HTTP/1.1" 304 -
0:0:0:0:0:0:0:1 - - [08/Feb/2021:15:53:00 +0900] "GET /h2-console/table.js HTTP/1.1" 200 8930
0:0:0:0:0:0:0:1 - - [08/Feb/2021:15:54:52 +0900] "POST /logout HTTP/1.1" 302 -
0:0:0:0:0:0:0:1 - - [08/Feb/2021:15:54:52 +0900] "GET /login HTTP/1.1" 302 -
0:0:0:0:0:0:0:1 - - [08/Feb/2021:15:54:52 +0900] "GET /timeout HTTP/1.1" 404 556
0:0:0:0:0:0:0:1 - - [08/Feb/2021:15:54:56 +0900] "GET /user/index HTTP/1.1" 302 -
0:0:0:0:0:0:0:1 - - [08/Feb/2021:15:54:56 +0900] "GET /login HTTP/1.1" 200 458
0:0:0:0:0:0:0:1 - - [08/Feb/2021:15:55:01 +0900] "POST /login HTTP/1.1" 302 -
0:0:0:0:0:0:0:1 - - [08/Feb/2021:15:55:01 +0900] "GET /user/index HTTP/1.1" 403 548
0:0:0:0:0:0:0:1 - - [08/Feb/2021:15:58:31 +0900] "GET /user/index HTTP/1.1" 302 -
0:0:0:0:0:0:0:1 - - [08/Feb/2021:15:58:32 +0900] "GET /timeout HTTP/1.1" 404 556
0:0:0:0:0:0:0:1 - - [08/Feb/2021:15:58:34 +0900] "GET /user/index HTTP/1.1" 302 -
0:0:0:0:0:0:0:1 - - [08/Feb/2021:15:58:34 +0900] "GET /login HTTP/1.1" 200 458
0:0:0:0:0:0:0:1 - - [08/Feb/2021:15:58:36 +0900] "GET /user/index HTTP/1.1" 302 -
0:0:0:0:0:0:0:1 - - [08/Feb/2021:15:58:36 +0900] "GET /login HTTP/1.1" 200 458
0:0:0:0:0:0:0:1 - - [08/Feb/2021:15:58:40 +0900] "POST /login HTTP/1.1" 302 -
0:0:0:0:0:0:0:1 - - [08/Feb/2021:15:58:40 +0900] "GET /user/index HTTP/1.1" 403 548
0:0:0:0:0:0:0:1 - - [08/Feb/2021:16:05:56 +0900] "GET /user/index HTTP/1.1" 302 -
0:0:0:0:0:0:0:1 - - [08/Feb/2021:16:05:56 +0900] "GET /timeout HTTP/1.1" 404 556
0:0:0:0:0:0:0:1 - - [08/Feb/2021:16:08:15 +0900] "GET /login HTTP/1.1" 302 -
0:0:0:0:0:0:0:1 - - [08/Feb/2021:16:08:15 +0900] "GET /timeout HTTP/1.1" 404 556
0:0:0:0:0:0:0:1 - - [08/Feb/2021:16:08:17 +0900] "GET /user/index HTTP/1.1" 302 -
0:0:0:0:0:0:0:1 - - [08/Feb/2021:16:08:17 +0900] "GET /login HTTP/1.1" 200 458
0:0:0:0:0:0:0:1 - - [08/Feb/2021:16:08:18 +0900] "GET /user/index HTTP/1.1" 302 -
0:0:0:0:0:0:0:1 - - [08/Feb/2021:16:08:18 +0900] "GET /login HTTP/1.1" 200 458
0:0:0:0:0:0:0:1 - - [08/Feb/2021:16:08:23 +0900] "POST /login HTTP/1.1" 302 -
0:0:0:0:0:0:0:1 - - [08/Feb/2021:16:08:23 +0900] "GET /user/index HTTP/1.1" 403 548
0:0:0:0:0:0:0:1 - - [08/Feb/2021:16:20:40 +0900] "GET /user/index HTTP/1.1" 302 -
0:0:0:0:0:0:0:1 - - [08/Feb/2021:16:20:41 +0900] "GET /login HTTP/1.1" 200 458
0:0:0:0:0:0:0:1 - - [08/Feb/2021:16:20:44 +0900] "POST /login HTTP/1.1" 302 -
0:0:0:0:0:0:0:1 - - [08/Feb/2021:16:20:44 +0900] "GET /login-error HTTP/1.1" 200 1039
0:0:0:0:0:0:0:1 - - [08/Feb/2021:16:21:40 +0900] "GET /login-error HTTP/1.1" 302 -
0:0:0:0:0:0:0:1 - - [08/Feb/2021:16:21:40 +0900] "GET /timeout HTTP/1.1" 404 556
0:0:0:0:0:0:0:1 - - [08/Feb/2021:16:21:43 +0900] "GET /login HTTP/1.1" 200 458
0:0:0:0:0:0:0:1 - - [08/Feb/2021:16:21:47 +0900] "POST /login HTTP/1.1" 500 6971
0:0:0:0:0:0:0:1 - - [08/Feb/2021:16:23:03 +0900] "GET /login HTTP/1.1" 302 -
127.0.0.1 - - [08/Feb/2021:16:23:03 +0900] "POST /login HTTP/1.1" 302 -
127.0.0.1 - - [08/Feb/2021:16:23:04 +0900] "GET /login-error HTTP/1.1" 200 498
127.0.0.1 - - [08/Feb/2021:16:23:09 +0900] "POST /login HTTP/1.1" 302 -
127.0.0.1 - - [08/Feb/2021:16:23:09 +0900] "GET /login-error HTTP/1.1" 200 498
127.0.0.1 - - [08/Feb/2021:16:23:13 +0900] "POST /login HTTP/1.1" 302 -
127.0.0.1 - - [08/Feb/2021:16:23:13 +0900] "GET / HTTP/1.1" 404 549
127.0.0.1 - - [08/Feb/2021:16:23:17 +0900] "GET /user/index HTTP/1.1" 200 181
127.0.0.1 - - [08/Feb/2021:16:23:18 +0900] "GET /user/index HTTP/1.1" 200 181
127.0.0.1 - - [08/Feb/2021:16:23:58 +0900] "GET /h2-console HTTP/1.1" 302 -
127.0.0.1 - - [08/Feb/2021:16:23:58 +0900] "GET /h2-console/ HTTP/1.1" 200 938
127.0.0.1 - - [08/Feb/2021:16:23:58 +0900] "GET /h2-console/stylesheet.css HTTP/1.1" 200 4924
127.0.0.1 - - [08/Feb/2021:16:23:58 +0900] "GET /h2-console HTTP/1.1" 302 -
127.0.0.1 - - [08/Feb/2021:16:23:58 +0900] "GET /h2-console/stylesheet.css HTTP/1.1" 200 4924
127.0.0.1 - - [08/Feb/2021:16:23:58 +0900] "GET /h2-console/login.jsp?jsessionid=acc44ea1f13c84dd22a8cc21568b1efb HTTP/1.1" 200 9015
127.0.0.1 - - [08/Feb/2021:16:23:58 +0900] "GET /h2-console/background.gif HTTP/1.1" 200 169
127.0.0.1 - - [08/Feb/2021:16:24:26 +0900] "POST /h2-console/login.do?jsessionid=acc44ea1f13c84dd22a8cc21568b1efb HTTP/1.1" 200 1460
127.0.0.1 - - [08/Feb/2021:16:24:26 +0900] "GET /h2-console/stylesheet.css HTTP/1.1" 304 -
127.0.0.1 - - [08/Feb/2021:16:24:26 +0900] "GET /h2-console/header.jsp?jsessionid=acc44ea1f13c84dd22a8cc21568b1efb HTTP/1.1" 200 8070
0:0:0:0:0:0:0:1 - - [08/Feb/2021:16:24:26 +0900] "GET /h2-console/help.jsp?jsessionid=acc44ea1f13c84dd22a8cc21568b1efb HTTP/1.1" 200 5315
0:0:0:0:0:0:0:1 - - [08/Feb/2021:16:24:26 +0900] "GET /h2-console/query.jsp?jsessionid=acc44ea1f13c84dd22a8cc21568b1efb HTTP/1.1" 200 16430
0:0:0:0:0:0:0:1 - - [08/Feb/2021:16:24:26 +0900] "GET /h2-console/icon_disconnect.gif HTTP/1.1" 200 114
0:0:0:0:0:0:0:1 - - [08/Feb/2021:16:24:26 +0900] "GET /h2-console/icon_line.gif HTTP/1.1" 200 818
0:0:0:0:0:0:0:1 - - [08/Feb/2021:16:24:26 +0900] "GET /h2-console/icon_commit.gif HTTP/1.1" 200 323
0:0:0:0:0:0:0:1 - - [08/Feb/2021:16:24:26 +0900] "GET /h2-console/icon_rollback.gif HTTP/1.1" 200 331
127.0.0.1 - - [08/Feb/2021:16:24:26 +0900] "GET /h2-console/icon_refresh.gif HTTP/1.1" 200 327
0:0:0:0:0:0:0:1 - - [08/Feb/2021:16:24:26 +0900] "GET /h2-console/icon_run.gif HTTP/1.1" 200 379
0:0:0:0:0:0:0:1 - - [08/Feb/2021:16:24:26 +0900] "GET /h2-console/icon_run_selected.gif HTTP/1.1" 200 312
0:0:0:0:0:0:0:1 - - [08/Feb/2021:16:24:26 +0900] "GET /h2-console/icon_stop.gif HTTP/1.1" 200 215
127.0.0.1 - - [08/Feb/2021:16:24:26 +0900] "GET /h2-console/icon_history.gif HTTP/1.1" 200 216
0:0:0:0:0:0:0:1 - - [08/Feb/2021:16:24:26 +0900] "GET /h2-console/icon_help.gif HTTP/1.1" 200 373
0:0:0:0:0:0:0:1 - - [08/Feb/2021:16:24:26 +0900] "GET /h2-console/tables.do?jsessionid=acc44ea1f13c84dd22a8cc21568b1efb HTTP/1.1" 200 7091
0:0:0:0:0:0:0:1 - - [08/Feb/2021:16:24:26 +0900] "GET /h2-console/tree.js HTTP/1.1" 200 3185
0:0:0:0:0:0:0:1 - - [08/Feb/2021:16:24:26 +0900] "GET /h2-console/tree_minus.gif HTTP/1.1" 200 861
0:0:0:0:0:0:0:1 - - [08/Feb/2021:16:24:26 +0900] "GET /h2-console/tree_plus.gif HTTP/1.1" 200 870
127.0.0.1 - - [08/Feb/2021:16:24:26 +0900] "GET /h2-console/tree_database.gif HTTP/1.1" 200 545
0:0:0:0:0:0:0:1 - - [08/Feb/2021:16:24:26 +0900] "GET /h2-console/tree_empty.gif HTTP/1.1" 200 62
0:0:0:0:0:0:0:1 - - [08/Feb/2021:16:24:26 +0900] "GET /h2-console/tree_column.gif HTTP/1.1" 200 317
0:0:0:0:0:0:0:1 - - [08/Feb/2021:16:24:26 +0900] "GET /h2-console/tree_table.gif HTTP/1.1" 200 343
0:0:0:0:0:0:0:1 - - [08/Feb/2021:16:24:26 +0900] "GET /h2-console/tree_type.gif HTTP/1.1" 200 197
127.0.0.1 - - [08/Feb/2021:16:24:26 +0900] "GET /h2-console/tree_index.gif HTTP/1.1" 200 152
0:0:0:0:0:0:0:1 - - [08/Feb/2021:16:24:26 +0900] "GET /h2-console/tree_index_az.gif HTTP/1.1" 200 157
0:0:0:0:0:0:0:1 - - [08/Feb/2021:16:24:26 +0900] "GET /h2-console/tree_folder.gif HTTP/1.1" 200 372
0:0:0:0:0:0:0:1 - - [08/Feb/2021:16:24:26 +0900] "GET /h2-console/tree_sequences.gif HTTP/1.1" 200 114
0:0:0:0:0:0:0:1 - - [08/Feb/2021:16:24:26 +0900] "GET /h2-console/tree_sequence.gif HTTP/1.1" 200 91
0:0:0:0:0:0:0:1 - - [08/Feb/2021:16:24:26 +0900] "GET /h2-console/tree_users.gif HTTP/1.1" 200 601
127.0.0.1 - - [08/Feb/2021:16:24:26 +0900] "GET /h2-console/tree_info.gif HTTP/1.1" 200 267
0:0:0:0:0:0:0:1 - - [08/Feb/2021:16:24:26 +0900] "GET /h2-console/tree_user.gif HTTP/1.1" 200 500
0:0:0:0:0:0:0:1 - - [08/Feb/2021:16:24:41 +0900] "POST /h2-console/query.do?jsessionid=acc44ea1f13c84dd22a8cc21568b1efb HTTP/1.1" 200 1148
0:0:0:0:0:0:0:1 - - [08/Feb/2021:16:24:41 +0900] "GET /h2-console/stylesheet.css HTTP/1.1" 304 -
127.0.0.1 - - [08/Feb/2021:16:24:41 +0900] "GET /h2-console/table.js HTTP/1.1" 200 8930
127.0.0.1 - - [08/Feb/2021:16:24:47 +0900] "POST /h2-console/query.do?jsessionid=acc44ea1f13c84dd22a8cc21568b1efb HTTP/1.1" 200 1051
